[    0.000000] Linux version 4.15.0-212-generic (buildd@lcy02-amd64-083) (gcc version 7.5.0 (Ubuntu 7.5.0-3ubuntu1~18.04)) #223-Ubuntu SMP Tue May 23 13:09:22 UTC 2023 (Ubuntu 4.15.0-212.223-generic 4.15.18)
[    0.000000] Command line: BOOT_IMAGE=/boot/vmlinuz-4.15.0-212-generic root=LABEL=cloudimg-rootfs ro console=tty1 console=ttyS0
[    0.000000] KERNEL supported cpus:
[    0.000000]   Intel GenuineIntel
[    0.000000]   AMD AuthenticAMD
[    0.000000]   Centaur CentaurHauls
[    0.000000] x86/fpu: Supporting XSAVE feature 0x001: 'x87 floating point registers'
[    0.000000] x86/fpu: Supporting XSAVE feature 0x002: 'SSE registers'
[    0.000000] x86/fpu: Supporting XSAVE feature 0x004: 'AVX registers'
[    0.000000] x86/fpu: xstate_offset[2]:  576, xstate_sizes[2]:  256
[    0.000000] x86/fpu: Enabled xstate features 0x7, context size is 832 bytes, using 'standard' format.
[    0.000000] e820: BIOS-provided physical RAM map:
[    0.000000] BIOS-e820: [mem 0x0000000000000000-0x000000000009fbff] usable
[    0.000000] BIOS-e820: [mem 0x000000000009fc00-0x000000000009ffff] reserved
[    0.000000] BIOS-e820: [mem 0x00000000000f0000-0x00000000000fffff] reserved
[    0.000000] BIOS-e820: [mem 0x0000000000100000-0x000000003ffeffff] usable
[    0.000000] BIOS-e820: [mem 0x000000003fff0000-0x000000003fffffff] ACPI data
[    0.000000] BIOS-e820: [mem 0x00000000fec00000-0x00000000fec00fff] reserved
[    0.000000] BIOS-e820: [mem 0x00000000fee00000-0x00000000fee00fff] reserved
[    0.000000] BIOS-e820: [mem 0x00000000fffc0000-0x00000000ffffffff] reserved
[    0.000000] NX (Execute Disable) protection: active
[    0.000000] SMBIOS 2.5 present.
[    0.000000] DMI: innotek GmbH VirtualBox/VirtualBox, BIOS VirtualBox 12/01/2006
[    0.000000] Hypervisor detected: KVM
[    0.000000] e820: last_pfn = 0x3fff0 max_arch_pfn = 0x400000000
[    0.000000] MTRR: Disabled
[    0.000000] x86/PAT: MTRRs disabled, skipping PAT initialization too.
[    0.000000] CPU MTRRs all blank - virtualized system.
[    0.000000] x86/PAT: Configuration [0-7]: WB  WT  UC- UC  WB  WT  UC- UC  
[    0.000000] found SMP MP-table at [mem 0x0009fff0-0x0009ffff]
[    0.000000] Scanning 1 areas for low memory corruption
[    0.000000] RAMDISK: [mem 0x359cb000-0x36cdcfff]
[    0.000000] ACPI: Early table checksum verification disabled
[    0.000000] ACPI: RSDP 0x00000000000E0000 000024 (v02 VBOX  )
[    0.000000] ACPI: XSDT 0x000000003FFF0030 00003C (v01 VBOX   VBOXXSDT 00000001 ASL  00000061)
[    0.000000] ACPI: FACP 0x000000003FFF00F0 0000F4 (v04 VBOX   VBOXFACP 00000001 ASL  00000061)
[    0.000000] ACPI: DSDT 0x000000003FFF0470 002325 (v02 VBOX   VBOXBIOS 00000002 INTL 20100528)
[    0.000000] ACPI: FACS 0x000000003FFF0200 000040
[    0.000000] ACPI: FACS 0x000000003FFF0200 000040
[    0.000000] ACPI: APIC 0x000000003FFF0240 00005C (v02 VBOX   VBOXAPIC 00000001 ASL  00000061)
[    0.000000] ACPI: SSDT 0x000000003FFF02A0 0001CC (v01 VBOX   VBOXCPUT 00000002 INTL 20100528)
[    0.000000] ACPI: Reserving FACP table memory at [mem 0x3fff00f0-0x3fff01e3]
[    0.000000] ACPI: Reserving DSDT table memory at [mem 0x3fff0470-0x3fff2794]
[    0.000000] ACPI: Reserving FACS table memory at [mem 0x3fff0200-0x3fff023f]
[    0.000000] ACPI: Reserving FACS table memory at [mem 0x3fff0200-0x3fff023f]
[    0.000000] ACPI: Reserving APIC table memory at [mem 0x3fff0240-0x3fff029b]
[    0.000000] ACPI: Reserving SSDT table memory at [mem 0x3fff02a0-0x3fff046b]
[    0.000000] No NUMA configuration found
[    0.000000] Faking a node at [mem 0x0000000000000000-0x000000003ffeffff]
[    0.000000] NODE_DATA(0) allocated [mem 0x3ffc5000-0x3ffeffff]
[    0.000000] kvm-clock: cpu 0, msr 0:3ff44001, primary cpu clock
[    0.000000] kvm-clock: Using msrs 4b564d01 and 4b564d00
[    0.000000] kvm-clock: using sched offset of 5742416718 cycles
[    0.000000] clocksource: kvm-clock: mask: 0xffffffffffffffff max_cycles: 0x1cd42e4dffb, max_idle_ns: 881590591483 ns
[    0.000000] Zone ranges:
[    0.000000]   DMA      [mem 0x0000000000001000-0x0000000000ffffff]
[    0.000000]   DMA32    [mem 0x0000000001000000-0x000000003ffeffff]
[    0.000000]   Normal   empty
[    0.000000]   Device   empty
[    0.000000] Movable zone start for each node
[    0.000000] Early memory node ranges
[    0.000000]   node   0: [mem 0x0000000000001000-0x000000000009efff]
[    0.000000]   node   0: [mem 0x0000000000100000-0x000000003ffeffff]
[    0.000000] Reserved but unavailable: 104 pages
[    0.000000] Initmem setup node 0 [mem 0x0000000000001000-0x000000003ffeffff]
[    0.000000] ACPI: PM-Timer IO Port: 0x4008
[    0.000000] IOAPIC[0]: apic_id 2, version 32, address 0xfec00000, GSI 0-23
[    0.000000] ACPI: INT_SRC_OVR (bus 0 bus_irq 0 global_irq 2 dfl dfl)
[    0.000000] ACPI: INT_SRC_OVR (bus 0 bus_irq 9 global_irq 9 low level)
[    0.000000] Using ACPI (MADT) for SMP configuration information
[    0.000000] smpboot: Allowing 2 CPUs, 0 hotplug CPUs
[    0.000000] PM: Registered nosave memory: [mem 0x00000000-0x00000fff]
[    0.000000] PM: Registered nosave memory: [mem 0x0009f000-0x0009ffff]
[    0.000000] PM: Registered nosave memory: [mem 0x000a0000-0x000effff]
[    0.000000] PM: Registered nosave memory: [mem 0x000f0000-0x000fffff]
[    0.000000] e820: [mem 0x40000000-0xfebfffff] available for PCI devices
[    0.000000] Booting paravirtualized kernel on KVM
[    0.000000] clocksource: refined-jiffies: mask: 0xffffffff max_cycles: 0xffffffff, max_idle_ns: 7645519600211568 ns
[    0.000000] setup_percpu: NR_CPUS:8192 nr_cpumask_bits:2 nr_cpu_ids:2 nr_node_ids:1
[    0.000000] percpu: Embedded 50 pages/cpu s167936 r8192 d28672 u1048576
[    0.000000] PV qspinlock hash table entries: 256 (order: 0, 4096 bytes)
[    0.000000] Built 1 zonelists, mobility grouping on.  Total pages: 257913
[    0.000000] Policy zone: DMA32
[    0.000000] Kernel command line: BOOT_IMAGE=/boot/vmlinuz-4.15.0-212-generic root=LABEL=cloudimg-rootfs ro console=tty1 console=ttyS0
[    0.000000] Memory: 982644K/1048120K available (12300K kernel code, 2477K rwdata, 4324K rodata, 2480K init, 2720K bss, 65476K reserved, 0K cma-reserved)
[    0.000000] SLUB: HWalign=64, Order=0-3, MinObjects=0, CPUs=2, Nodes=1
[    0.000000] ftrace: allocating 39508 entries in 155 pages
[    0.004000] Hierarchical RCU implementation.
[    0.004000] 	RCU restricting CPUs from NR_CPUS=8192 to nr_cpu_ids=2.
[    0.004000] 	Tasks RCU enabled.
[    0.004000] RCU: Adjusting geometry for rcu_fanout_leaf=16, nr_cpu_ids=2
[    0.004000] NR_IRQS: 524544, nr_irqs: 440, preallocated irqs: 16
[    0.004000] random: crng init done
[    0.004000] Console: colour VGA+ 80x25
[    0.004000] console [tty1] enabled
[    0.004000] console [ttyS0] enabled
[    0.004000] ACPI: Core revision 20170831
[    0.004000] ACPI: 2 ACPI AML tables successfully acquired and loaded
[    0.004000] APIC: Switch to symmetric I/O mode setup
[    0.004000] x2apic enabled
[    0.004018] Switched APIC routing to physical x2apic.
[    0.011752] ..TIMER: vector=0x30 apic1=0 pin1=2 apic2=-1 pin2=-1
[    0.012005] tsc: Detected 3110.398 MHz processor
[    0.014462] Calibrating delay loop (skipped) preset value.. 6220.79 BogoMIPS (lpj=12441592)
[    0.016016] pid_max: default: 32768 minimum: 301
[    0.020074] Security Framework initialized
[    0.024007] Yama: becoming mindful.
[    0.026128] AppArmor: AppArmor initialized
[    0.036100] Dentry cache hash table entries: 131072 (order: 8, 1048576 bytes)
[    0.040138] Inode-cache hash table entries: 65536 (order: 7, 524288 bytes)
[    0.044030] Mount-cache hash table entries: 2048 (order: 2, 16384 bytes)
[    0.048012] Mountpoint-cache hash table entries: 2048 (order: 2, 16384 bytes)
[    0.052842] Last level iTLB entries: 4KB 0, 2MB 0, 4MB 0
[    0.056008] Last level dTLB entries: 4KB 0, 2MB 0, 4MB 0, 1GB 0
[    0.060016] Spectre V1 : Mitigation: usercopy/swapgs barriers and __user pointer sanitization
[    0.064007] Spectre V2 : Mitigation: Retpolines
[    0.068003] Spectre V2 : Spectre v2 / SpectreRSB mitigation: Filling RSB on context switch
[    0.072007] Spectre V2 : Spectre v2 / SpectreRSB : Filling RSB on VMEXIT
[    0.076007] Speculative Store Bypass: Vulnerable
[    0.078700] Freeing SMP alternatives memory: 36K
[    0.194305] smpboot: CPU0: 12th Gen Intel(R) Core(TM) i5-12500H (family: 0x6, model: 0x9a, stepping: 0x3)
[    0.196241] Performance Events: unsupported p6 CPU model 154 no PMU driver, software events only.
[    0.204034] Hierarchical SRCU implementation.
[    0.208126] NMI watchdog: Perf event create on CPU 0 failed with -2
[    0.212007] NMI watchdog: Perf NMI watchdog permanently disabled
[    0.215860] smp: Bringing up secondary CPUs ...
[    0.216274] x86: Booting SMP configuration:
[    0.220021] .... node  #0, CPUs:      #1
[    0.004000] kvm-clock: cpu 1, msr 0:3ff44041, secondary cpu clock
[    0.228083] smp: Brought up 1 node, 2 CPUs
[    0.232020] smpboot: Max logical packages: 1
[    0.234778] smpboot: Total of 2 processors activated (12441.59 BogoMIPS)
[    0.240267] devtmpfs: initialized
[    0.242232] x86/mm: Memory block size: 128MB
[    0.244312] evm: security.selinux
[    0.246512] evm: security.SMACK64
[    0.248023] evm: security.SMACK64EXEC
[    0.252017] evm: security.SMACK64TRANSMUTE
[    0.256014] evm: security.SMACK64MMAP
[    0.258410] evm: security.apparmor
[    0.260007] evm: security.ima
[    0.261857] evm: security.capability
[    0.264279] clocksource: jiffies: mask: 0xffffffff max_cycles: 0xffffffff, max_idle_ns: 7645041785100000 ns
[    0.268066] futex hash table entries: 512 (order: 3, 32768 bytes)
[    0.271867] pinctrl core: initialized pinctrl subsystem
[    0.288007] RTC time:  7:30:01, date: 11/26/25
[    0.292385] NET: Registered protocol family 16
[    0.296140] audit: initializing netlink subsys (disabled)
[    0.300109] audit: type=2000 audit(1764142208.803:1): state=initialized audit_enabled=0 res=1
[    0.304029] cpuidle: using governor ladder
[    0.308042] cpuidle: using governor menu
[    0.310553] ACPI: bus type PCI registered
[    0.312009] acpiphp: ACPI Hot Plug PCI Controller Driver version: 0.5
[    0.316266] PCI: Using configuration type 1 for base access
[    0.322125] HugeTLB registered 2.00 MiB page size, pre-allocated 0 pages
[    0.328150] ACPI: Added _OSI(Module Device)
[    0.330673] ACPI: Added _OSI(Processor Device)
[    0.332030] ACPI: Added _OSI(3.0 _SCP Extensions)
[    0.336019] ACPI: Added _OSI(Processor Aggregator Device)
[    0.338936] ACPI: Added _OSI(Linux-Dell-Video)
[    0.340015] ACPI: Added _OSI(Linux-Lenovo-NV-HDMI-Audio)
[    0.344019] ACPI: Added _OSI(Linux-HPI-Hybrid-Graphics)
[    0.348795] ACPI: Executed 1 blocks of module-level executable AML code
[    0.359174] ACPI: Interpreter enabled
[    0.360038] ACPI: (supports S0 S5)
[    0.362148] ACPI: Using IOAPIC for interrupt routing
[    0.364531] PCI: Using host bridge windows from ACPI; if necessary, use "pci=nocrs" and report a bug
[    0.368455] ACPI: Enabled 2 GPEs in block 00 to 07
[    0.385108] ACPI: PCI Root Bridge [PCI0] (domain 0000 [bus 00-ff])
[    0.388042] acpi PNP0A03:00: _OSC: OS supports [ASPM ClockPM Segments MSI]
[    0.393156] acpi PNP0A03:00: _OSC: not requesting OS control; OS requires [ExtendedConfig ASPM ClockPM MSI]
[    0.396036] acpi PNP0A03:00: fail to add MMCONFIG information, can't access extended PCI configuration space under this bridge.
[    0.404996] PCI host bridge to bus 0000:00
[    0.407587] pci_bus 0000:00: root bus resource [io  0x0000-0x0cf7 window]
[    0.408009] pci_bus 0000:00: root bus resource [io  0x0d00-0xffff window]
[    0.412020] pci_bus 0000:00: root bus resource [mem 0x000a0000-0x000bffff window]
[    0.416019] pci_bus 0000:00: root bus resource [mem 0x40000000-0xfdffffff window]
[    0.420011] pci_bus 0000:00: root bus resource [bus 00-ff]
[    0.431886] pci 0000:00:01.1: legacy IDE quirk: reg 0x10: [io  0x01f0-0x01f7]
[    0.432011] pci 0000:00:01.1: legacy IDE quirk: reg 0x14: [io  0x03f6]
[    0.436022] pci 0000:00:01.1: legacy IDE quirk: reg 0x18: [io  0x0170-0x0177]
[    0.440017] pci 0000:00:01.1: legacy IDE quirk: reg 0x1c: [io  0x0376]
[    0.484670] pci 0000:00:07.0: quirk: [io  0x4000-0x403f] claimed by PIIX4 ACPI
[    0.488124] pci 0000:00:07.0: quirk: [io  0x4100-0x410f] claimed by PIIX4 SMB
[    0.510963] ACPI: PCI Interrupt Link [LNKA] (IRQs 5 9 10 *11)
[    0.516465] ACPI: PCI Interrupt Link [LNKB] (IRQs 5 9 *10 11)
[    0.520383] ACPI: PCI Interrupt Link [LNKC] (IRQs 5 *9 10 11)
[    0.524279] ACPI: PCI Interrupt Link [LNKD] (IRQs 5 9 10 *11)
[    0.528923] SCSI subsystem initialized
[    0.532163] pci 0000:00:02.0: vgaarb: setting as boot VGA device
[    0.536000] pci 0000:00:02.0: vgaarb: VGA device added: decodes=io+mem,owns=io+mem,locks=none
[    0.536022] pci 0000:00:02.0: vgaarb: bridge control possible
[    0.540005] vgaarb: loaded
[    0.544108] ACPI: bus type USB registered
[    0.546804] usbcore: registered new interface driver usbfs
[    0.552052] usbcore: registered new interface driver hub
[    0.555582] usbcore: registered new device driver usb
[    0.556193] EDAC MC: Ver: 3.0.0
[    0.560779] PCI: Using ACPI for IRQ routing
[    0.564936] NetLabel: Initializing
[    0.568008] NetLabel:  domain hash size = 128
[    0.571391] NetLabel:  protocols = UNLABELED CIPSOv4 CALIPSO
[    0.572055] NetLabel:  unlabeled traffic allowed by default
[    0.576309] clocksource: Switched to clocksource kvm-clock
[    0.643398] VFS: Disk quotas dquot_6.6.0
[    0.646043] VFS: Dquot-cache hash table entries: 512 (order 0, 4096 bytes)
[    0.650189] AppArmor: AppArmor Filesystem Enabled
[    0.653019] pnp: PnP ACPI init
[    0.657245] pnp: PnP ACPI: found 3 devices
[    0.686079] clocksource: acpi_pm: mask: 0xffffff max_cycles: 0xffffff, max_idle_ns: 2085701024 ns
[    0.691739] NET: Registered protocol family 2
[    0.694964] IP idents hash table entries: 16384 (order: 5, 131072 bytes)
[    0.729527] TCP established hash table entries: 8192 (order: 4, 65536 bytes)
[    0.733909] TCP bind hash table entries: 8192 (order: 5, 131072 bytes)
[    0.737535] TCP: Hash tables configured (established 8192 bind 8192)
[    0.741167] UDP hash table entries: 512 (order: 2, 16384 bytes)
[    0.744535] UDP-Lite hash table entries: 512 (order: 2, 16384 bytes)
[    0.748151] NET: Registered protocol family 1
[    0.750871] pci 0000:00:00.0: Limiting direct PCI/PCI transfers
[    0.754190] pci 0000:00:01.0: Activating ISA DMA hang workarounds
[    0.758169] pci 0000:00:02.0: Video device with shadowed ROM at [mem 0x000c0000-0x000dffff]
[    0.763728] Unpacking initramfs...
[    1.778842] Freeing initrd memory: 19528K
[    1.782481] clocksource: tsc: mask: 0xffffffffffffffff max_cycles: 0x2cd5a646d7e, max_idle_ns: 440795273267 ns
[    1.787816] platform rtc_cmos: registered platform RTC device (no PNP device found)
[    1.813083] Scanning for low memory corruption every 60 seconds
[    1.817908] Initialise system trusted keyrings
[    1.820567] Key type blacklist registered
[    1.823192] workingset: timestamp_bits=36 max_order=18 bucket_order=0
[    1.828811] zbud: loaded
[    1.831460] squashfs: version 4.0 (2009/01/31) Phillip Lougher
[    1.835276] fuse init (API version 7.26)
[    1.847196] Key type asymmetric registered
[    1.849544] Asymmetric key parser 'x509' registered
[    1.853055] Block layer SCSI generic (bsg) driver version 0.4 loaded (major 246)
[    1.857065] io scheduler noop registered
[    1.859179] io scheduler deadline registered
[    1.862293] io scheduler cfq registered (default)
[    1.866406] ACPI: AC Adapter [AC] (off-line)
[    1.869273] input: Power Button as /devices/LNXSYSTM:00/LNXPWRBN:00/input/input0
[    1.873535] ACPI: Power Button [PWRF]
[    1.875645] input: Sleep Button as /devices/LNXSYSTM:00/LNXSLPBN:00/input/input1
[    1.879774] ACPI: Sleep Button [SLPF]
[    1.884565] Serial: 8250/16550 driver, 32 ports, IRQ sharing enabled
[    1.886143] ACPI: Battery Slot [BAT0] (battery present)
[    1.913041] 00:02: ttyS0 at I/O 0x3f8 (irq = 4, base_baud = 115200) is a 16550A
[    1.919507] Linux agpgart interface v0.103
[    1.945038] loop: module loaded
[    1.948688] scsi host0: ata_piix
[    1.951209] scsi host1: ata_piix
[    1.953325] ata1: PATA max UDMA/33 cmd 0x1f0 ctl 0x3f6 bmdma 0xd000 irq 14
[    1.957563] ata2: PATA max UDMA/33 cmd 0x170 ctl 0x376 bmdma 0xd008 irq 15
[    1.962461] tun: Universal TUN/TAP device driver, 1.6
[    1.965606] PPP generic driver version 2.4.2
[    1.968390] ehci_hcd: USB 2.0 'Enhanced' Host Controller (EHCI) Driver
[    1.972363] ehci-pci: EHCI PCI platform driver
[    1.974939] ehci-platform: EHCI generic platform driver
[    1.978710] ohci_hcd: USB 1.1 'Open' Host Controller (OHCI) Driver
[    1.982989] ohci-pci: OHCI PCI platform driver
[    1.986085] ohci-platform: OHCI generic platform driver
[    1.989280] uhci_hcd: USB Universal Host Controller Interface driver
[    1.993256] i8042: PNP: PS/2 Controller [PNP0303:PS2K,PNP0f03:PS2M] at 0x60,0x64 irq 1,12
[    1.999411] serio: i8042 KBD port at 0x60,0x64 irq 1
[    2.002834] serio: i8042 AUX port at 0x60,0x64 irq 12
[    2.005836] mousedev: PS/2 mouse device common for all mice
[    2.010545] input: AT Translated Set 2 keyboard as /devices/platform/i8042/serio0/input/input2
[    2.017081] rtc_cmos rtc_cmos: rtc core: registered rtc_cmos as rtc0
[    2.021727] rtc_cmos rtc_cmos: alarms up to one day, 114 bytes nvram
[    2.025281] i2c /dev entries driver
[    2.027515] device-mapper: uevent: version 1.0.3
[    2.030556] device-mapper: ioctl: 4.37.0-ioctl (2017-09-20) initialised: dm-devel@redhat.com
[    2.035646] ledtrig-cpu: registered to indicate activity on CPUs
[    2.040454] NET: Registered protocol family 10
[    2.053277] Segment Routing with IPv6
[    2.055579] NET: Registered protocol family 17
[    2.058386] Key type dns_resolver registered
[    2.061851] mce: Using 0 MCE banks
[    2.063948] RAS: Correctable Errors collector initialized.
[    2.067399] sched_clock: Marking stable (2067273268, 0)->(2618072656, -550799388)
[    2.072968] registered taskstats version 1
[    2.075303] Loading compiled-in X.509 certificates
[    2.083874] Loaded X.509 cert 'Build time autogenerated kernel key: b5b26778eaa3ab3a4a6cee031137706e947d12ad'
[    2.090270] Loaded X.509 cert 'Canonical Ltd. Live Patch Signing: 14df34d1a87cf37625abec039ef2bf521249b969'
[    2.098946] Loaded X.509 cert 'Canonical Ltd. Kernel Module Signing: 88f752e560a1e0737e31163a466ad7b70a850c19'
[    2.105418] blacklist: Loading compiled-in revocation X.509 certificates
[    2.108799] Loaded X.509 cert 'Canonical Ltd. Secure Boot Signing: 61482aa2830d0ab2ad5af10b7250da9033ddcef0'
[    2.114976] Loaded X.509 cert 'Canonical Ltd. Secure Boot Signing (2017): 242ade75ac4a15e50d50c84b0d45ff3eae707a03'
[    2.128227] Loaded X.509 cert 'Canonical Ltd. Secure Boot Signing (ESM 2018): 365188c1d374d6b07c3c8f240f8ef722433d6a8b'
[    2.134274] Loaded X.509 cert 'Canonical Ltd. Secure Boot Signing (2019): c0746fd6c5da3ae827864651ad66ae47fe24b3e8'
[    2.140434] Loaded X.509 cert 'Canonical Ltd. Secure Boot Signing (2021 v1): a8d54bbb3825cfb94fa13c9f8a594a195c107b8d'
[    2.146381] Loaded X.509 cert 'Canonical Ltd. Secure Boot Signing (2021 v2): 4cf046892d6fd3c9a5b03f98d845f90851dc6a8c'
[    2.152353] Loaded X.509 cert 'Canonical Ltd. Secure Boot Signing (2021 v3): 100437bb6de6e469b581e61cd66bce3ef4ed53af'
[    2.158005] Loaded X.509 cert 'Canonical Ltd. Secure Boot Signing (Ubuntu Core 2019): c1d57b8f6b743f23ee41f4f7ee292f06eecadfb9'
[    2.165274] zswap: loaded using pool lzo/zbud
[    2.175843] Key type big_key registered
[    2.178329] Key type trusted registered
[    2.185361] Key type encrypted registered
[    2.187684] AppArmor: AppArmor sha1 policy hashing enabled
[    2.190632] ima: No TPM chip found, activating TPM-bypass! (rc=-19)
[    2.193944] ima: Allocated hash algorithm: sha1
[    2.196372] evm: HMAC attrs: 0x1
[    2.198866]   Magic number: 1:205:522
[    2.201537] rtc_cmos rtc_cmos: setting system clock to 2025-11-26 07:30:03 UTC (1764142203)
[    2.206074] BIOS EDD facility v0.16 2004-Jun-25, 0 devices found
[    2.209339] EDD information not available.
[    2.217985] Freeing unused kernel image memory: 2480K
[    2.240268] Write protecting the kernel read-only data: 20480k
[    2.247609] Freeing unused kernel image memory: 2008K
[    2.252285] Freeing unused kernel image memory: 1820K
[    2.267628] x86/mm: Checked W+X mappings: passed, no W+X pages found.
Loading, please wait...
starting version 237
[    2.419878] e1000: Intel(R) PRO/1000 Network Driver - version 7.3.21-k8-NAPI
[    2.424337] e1000: Copyright (c) 1999-2006 Intel Corporation.
[    2.429263] Fusion MPT base driver 3.04.20
[    2.433085] Copyright (c) 1999-2008 LSI Corporation
[    2.455998] Fusion MPT SPI Host driver 3.04.20
[    2.470011] AVX2 version of gcm_enc/dec engaged.
[    2.473638] AES CTR mode by8 optimization enabled
[    2.658313] input: ImExPS/2 Generic Explorer Mouse as /devices/platform/i8042/serio1/input/input4
[    3.684006] e1000 0000:00:03.0 eth0: (PCI:33MHz:32-bit) 02:3b:7b:b7:3b:2d
[    3.687722] e1000 0000:00:03.0 eth0: Intel(R) PRO/1000 Network Connection
[    3.694104] e1000 0000:00:03.0 enp0s3: renamed from eth0
[    3.697095] mptbase: ioc0: Initiating bringup
[    4.488075] ioc0: LSI53C1030 A0: Capabilities={Initiator}
[    7.673599] scsi host2: ioc0: LSI53C1030 A0, FwRev=00000000h, Ports=1, MaxQ=256, IRQ=20
[    8.793928] scsi 2:0:0:0: Direct-Access     VBOX     HARDDISK         1.0  PQ: 0 ANSI: 5
[    9.709567] scsi target2:0:0: Beginning Domain Validation
[    9.718859] scsi target2:0:0: Domain Validation skipping write tests
[    9.721665] scsi target2:0:0: Ending Domain Validation
[    9.724190] scsi target2:0:0: asynchronous
[    9.729831] scsi 2:0:1:0: Direct-Access     VBOX     HARDDISK         1.0  PQ: 0 ANSI: 5
[   11.797268] scsi target2:0:1: Beginning Domain Validation
[   11.805937] scsi target2:0:1: Domain Validation skipping write tests
[   11.809613] scsi target2:0:1: Ending Domain Validation
[   11.812261] scsi target2:0:1: asynchronous
[   11.825333] sd 2:0:0:0: Attached scsi generic sg0 type 0
[   11.829192] sd 2:0:0:0: [sda] 83886080 512-byte logical blocks: (42.9 GB/40.0 GiB)
[   11.832884] sd 2:0:1:0: Attached scsi generic sg1 type 0
[   11.833226] sd 2:0:0:0: [sda] Write Protect is off
[   11.835160] sd 2:0:1:0: [sdb] 20480 512-byte logical blocks: (10.5 MB/10.0 MiB)
[   11.837322] sd 2:0:0:0: [sda] Incomplete mode parameter data
[   11.842190] sd 2:0:0:0: [sda] Assuming drive cache: write through
[   11.842228] sd 2:0:1:0: [sdb] Write Protect is off
[   11.847429] sd 2:0:1:0: [sdb] Incomplete mode parameter data
[   11.849758] sd 2:0:1:0: [sdb] Assuming drive cache: write through
[   11.850022]  sda: sda1
[   11.856289] sd 2:0:0:0: [sda] Attached SCSI disk
[   11.861108] sd 2:0:1:0: [sdb] Attached SCSI disk
Begin: Loading essential drivers ... [   14.144145] raid6: sse2x1   gen()  5667 MB/s
[   14.192130] raid6: sse2x1   xor()  4112 MB/s
[   14.240150] raid6: sse2x2   gen()  7083 MB/s
[   14.288122] raid6: sse2x2   xor()  4795 MB/s
[   14.336094] raid6: sse2x4   gen()  7565 MB/s
[   14.384093] raid6: sse2x4   xor()  3471 MB/s
[   14.432131] raid6: avx2x1   gen() 10104 MB/s
[   14.480150] raid6: avx2x1   xor()  7374 MB/s
[   14.528105] raid6: avx2x2   gen() 12224 MB/s
[   14.576051] raid6: avx2x2   xor()  9300 MB/s
[   14.624099] raid6: avx2x4   gen() 12452 MB/s
[   14.672122] raid6: avx2x4   xor()  5736 MB/s
[   14.673861] raid6: using algorithm avx2x4 gen() 12452 MB/s
[   14.675965] raid6: .... xor() 5736 MB/s, rmw enabled
[   14.679084] raid6: using avx2x2 recovery algorithm
[   14.683122] xor: automatically using best checksumming function   avx       
[   14.687806] async_tx: api initialized (async)
done.
Begin: Running /scripts/init-premount ... done.
Begin: Mounting root file system ... Begin: Running /scripts/local-top ... done.
Begin: Running /scripts/local-premount ... [   14.776591] Btrfs loaded, crc32c=crc32c-intel
Scanning for Btrfs filesystems
done.
Warning: fsck not present, so skipping root file system
[   14.844487] EXT4-fs (sda1): mounted filesystem with ordered data mode. Opts: (null)
done.
Begin: Running /scripts/local-bottom ... done.
Begin: Running /scripts/init-bottom ... done.
[   15.147635] ip_tables: (C) 2000-2006 Netfilter Core Team
[   15.167031] systemd[1]: systemd 237 running in system mode. (+PAM +AUDIT +SELINUX +IMA +APPARMOR +SMACK +SYSVINIT +UTMP +LIBCRYPTSETUP +GCRYPT +GNUTLS +ACL +XZ +LZ4 +SECCOMP +BLKID +ELFUTILS +KMOD -IDN2 +IDN -PCRE2 default-hierarchy=hybrid)
[   15.176344] systemd[1]: Detected virtualization oracle.
[   15.179205] systemd[1]: Detected architecture x86-64.

Welcome to [1mUbuntu 18.04.6 LTS[0m!

[   15.191667] systemd[1]: Set hostname to <ubuntu>.
[   15.199387] systemd[1]: Initializing machine ID from random generator.
[   15.202710] systemd[1]: Installed transient /etc/machine-id file.
[   15.637070] systemd[1]: Reached target System Time Synchronized.
[[0;32m  OK  [0m] Reached target System Time Synchronized.
[   15.641266] systemd[1]: Reached target Swap.
[[0;32m  OK  [0m] Reached target Swap.
[   15.644485] systemd[1]: Reached target Mounting snaps.
[[0;32m  OK  [0m] Reached target Mounting snaps.
[   15.648352] systemd[1]: Reached target User and Group Name Lookups.
[[0;32m  OK  [0m] Reached target User and Group Name Lookups.
[[0;32m  OK  [0m] Created slice User and Session Slice.
[[0;32m  OK  [0m] Created slice System Slice.
[[0;32m  OK  [0m] Listening on Syslog Socket.
[[0;32m  OK  [0m] Listening on Journal Socket (/dev/log).
[[0;32m  OK  [0m] Listening on Journal Audit Socket.
[[0;32m  OK  [0m] Listening on udev Kernel Socket.
[[0;32m  OK  [0m] Listening on /dev/initctl Compatibility Named Pipe.
[[0;32m  OK  [0m] Listening on Journal Socket.
         Mounting Huge Pages File System...
         Starting Journal Service...
         Starting Load Kernel Modules...
[[0;32m  OK  [0m] Reached target Slices.
[[0;32m  OK  [0m] Listening on Network Service Netlink Socket.
[[0;32m  OK  [0m] Listening on fsck to fsckd communication Socket.
         Starting File System Check on Root Device...
         Mounting Kernel Debug File System...
[   15.877653] Loading iSCSI transport class v2.0-870.
[[0;32m  OK  [0m] Listening on Device-mapper event daemon FIFOs.
[[0;32m  OK  [0m] Created slice system-serial\x2dgetty.slice.
[[0;32m  OK  [0m] Listening on udev Control Socket.
         Starting Uncomplicated firewall...
         Starting udev Coldplug all Devices...
         Starting Set the console keyboard layout...
[[0;32m  OK  [0m] Started Forward Password Requests to Wall Directory Watch.
         Starting Create list of required st…ce nodes for the current kernel...
         Mounting POSIX Message Queue File System...
[[0;32m  OK  [0m] Reached target Mounted snaps.
[[0;32m  OK  [0m] Listening on LVM2 metadata daemon socket.
         Starting Monitoring of LVM2 mirrors…ng dmeventd or progress polling...
[[0;32m  OK  [0m] Set up automount Arbitrary Executab…rmats File System Automount Point.
[[0;32m  OK  [0m] Listening on LVM2 poll daemon socket.
[[0;32m  OK  [0m] Started Journal Service.
[[0;32m  OK  [0m] Mounted Huge Pages File System.
[[0;32m  OK  [0m] Mounted Kernel Debug File System.
[[0;32m  OK  [0m] Started Uncomplicated firewall.
[   16.030529] iscsi: registered transport (tcp)
[[0;32m  OK  [0m] Started Create list of required sta…vice nodes for the current kernel.
[[0;32m  OK  [0m] Mounted POSIX Message Queue File System.
[[0;32m  OK  [0m] Started File System Check Daemon to report status.
[[0;32m  OK  [0m] Started LVM2 metadata daemon.
         Starting Create Static Device Nodes in /dev...
[[0;32m  OK  [0m] Started File System Check on Root Device.
         Starting Remount Root and Kernel File Systems...
[[0;32m  OK  [0m] Started udev Coldplug all Devices.
[[0;32m  OK  [0m] Started Create Static Device Nodes in /dev.
[   16.157619] iscsi: registered transport (iser)
[[0;32m  OK  [0m] Started Load Kernel Modules.
         Mounting FUSE Control File System...
         Mounting Kernel Configuration File System...
         Starting Apply Kernel Variables...
[[0;32m  OK  [0m] Mounted FUSE Control File System.
[[0;32m  OK  [0m] Mounted Kernel Configuration File System.
[   16.196453] EXT4-fs (sda1): re-mounted. Opts: (null)
[[0;32m  OK  [0m] Started Remount Root and Kernel File Systems.
         Starting Load/Save Random Seed...
         Starting udev Kernel Device Manager...
         Starting Flush Journal to Persistent Storage...
[[0;32m  OK  [0m] Started Load/Save Random Seed.
[[0;32m  OK  [0m] Started Monitoring of LVM2 mirrors,…sing dmeventd or progress polling.
[[0;32m  OK  [0m] Started Apply Kernel Variables.
[[0;32m  OK  [0m] Started udev Kernel Device Manager.
[[0;32m  OK  [0m] Started Flush Journal to Persistent Storage.
[[0;32m  OK  [0m] Found device /dev/ttyS0.
[[0;32m  OK  [0m] Listening on Load/Save RF Kill Switch Status /dev/rfkill Watch.
         Mounting Arbitrary Executable File Formats File System...
[[0;32m  OK  [0m] Mounted Arbitrary Executable File Formats File System.
[[0;32m  OK  [0m] Started Set the console keyboard layout.
[[0;32m  OK  [0m] Started Dispatch Password Requests to Console Directory Watch.
[[0;32m  OK  [0m] Reached target Local Encrypted Volumes.
[[0;32m  OK  [0m] Reached target Local File Systems (Pre).
[[0;32m  OK  [0m] Reached target Local File Systems.
         Starting AppArmor initialization...
         Starting Set console font and keymap...
         Starting Create Volatile Files and Directories...
         Starting Commit a transient machine-id on disk...
         Starting Tell Plymouth To Write Out Runtime Data...
         Starting ebtables ruleset management...
[[0;32m  OK  [0m] Started Create Volatile Files and Directories.
         Starting Update UTMP about System Boot/Shutdown...
[[0;32m  OK  [0m] Started Tell Plymouth To Write Out Runtime Data.
[[0;32m  OK  [0m] Started Update UTMP about System Boot/Shutdown.
[[0;32m  OK  [0m] Started Commit a transient machine-id on disk.
[[0;32m  OK  [0m] Started ebtables ruleset management.
[[0;32m  OK  [0m] Started AppArmor initialization.
         Starting Load AppArmor profiles managed internally by snapd...
         Starting Initial cloud-init job (pre-networking)...
[[0;32m  OK  [0m] Started Load AppArmor profiles managed internally by snapd.
[[0;32m  OK  [0m] Started Set console font and keymap.
[   24.347717] cloud-init[632]: Cloud-init v. 23.1.2-0ubuntu0~18.04.1 running 'init-local' at Wed, 26 Nov 2025 07:30:24 +0000. Up 23.56 seconds.
[[0;32m  OK  [0m] Started Initial cloud-init job (pre-networking).
[[0;32m  OK  [0m] Reached target Network (Pre).
         Starting Network Service...
[[0;32m  OK  [0m] Started Network Service.
         Starting Wait for Network to be Configured...
         Starting Network Name Resolution...
[[0;32m  OK  [0m] Started Network Name Resolution.
[[0;32m  OK  [0m] Reached target Network.
[[0;32m  OK  [0m] Reached target Host and Network Name Lookups.
[[0;32m  OK  [0m] Started Wait for Network to be Configured.
         Starting Initial cloud-init job (metadata service crawler)...
[   27.630680] cloud-init[932]: Cloud-init v. 23.1.2-0ubuntu0~18.04.1 running 'init' at Wed, 26 Nov 2025 07:30:28 +0000. Up 27.31 seconds.
[   27.635542] cloud-init[932]: ci-info: ++++++++++++++++++++++++++++++++++++++Net device info++++++++++++++++++++++++++++++++++++++
[   27.639597] cloud-init[932]: ci-info: +--------+------+----------------------------+---------------+--------+-------------------+
[   27.643671] cloud-init[932]: ci-info: | Device |  Up  |          Address           |      Mask     | Scope  |     Hw-Address    |
[   27.647453] cloud-init[932]: ci-info: +--------+------+----------------------------+---------------+--------+-------------------+
[   27.664619] cloud-init[932]: ci-info: | enp0s3 | True |         10.0.2.15          | 255.255.255.0 | global | 02:3b:7b:b7:3b:2d |
[   27.669967] cloud-init[932]: ci-info: | enp0s3 | True | fe80::3b:7bff:feb7:3b2d/64 |       .       |  link  | 02:3b:7b:b7:3b:2d |
[   27.674154] cloud-init[932]: ci-info: |   lo   | True |         127.0.0.1          |   255.0.0.0   |  host  |         .         |
[   27.678962] cloud-init[932]: ci-info: |   lo   | True |          ::1/128           |       .       |  host  |         .         |
[   27.683329] cloud-init[932]: ci-info: +--------+------+----------------------------+---------------+--------+-------------------+
[   27.687731] cloud-init[932]: ci-info: ++++++++++++++++++++++++++++Route IPv4 info+++++++++++++++++++++++++++++
[   27.700707] cloud-init[932]: ci-info: +-------+-------------+----------+-----------------+-----------+-------+
[   27.706874] cloud-init[932]: ci-info: | Route | Destination | Gateway  |     Genmask     | Interface | Flags |
[   27.710571] cloud-init[932]: ci-info: +-------+-------------+----------+-----------------+-----------+-------+
[   27.714359] cloud-init[932]: ci-info: |   0   |   0.0.0.0   | 10.0.2.2 |     0.0.0.0     |   enp0s3  |   UG  |
[   27.728885] cloud-init[932]: ci-info: |   1   |   10.0.2.0  | 0.0.0.0  |  255.255.255.0  |   enp0s3  |   U   |
[   27.744454] cloud-init[932]: ci-info: |   2   |   10.0.2.2  | 0.0.0.0  | 255.255.255.255 |   enp0s3  |   UH  |
[   27.756876] cloud-init[932]: ci-info: +-------+-------------+----------+-----------------+-----------+-------+
[   27.772391] cloud-init[932]: ci-info: +++++++++++++++++++Route IPv6 info+++++++++++++++++++
[   27.788518] cloud-init[932]: ci-info: +-------+-------------+---------+-----------+-------+
[   27.790455] cloud-init[932]: ci-info: | Route | Destination | Gateway | Interface | Flags |
[   27.792731] cloud-init[932]: ci-info: +-------+-------------+---------+-----------+-------+
[   27.795631] cloud-init[932]: ci-info: |   1   |  fe80::/64  |    ::   |   enp0s3  |   U   |
[   27.798117] cloud-init[932]: ci-info: |   3   |    local    |    ::   |   enp0s3  |   U   |
[   27.800368] cloud-init[932]: ci-info: |   4   |   ff00::/8  |    ::   |   enp0s3  |   U   |
[   27.803319] cloud-init[932]: ci-info: +-------+-------------+---------+-----------+-------+
[   29.074431] cloud-init[932]: Generating public/private rsa key pair.
[   29.076659] cloud-init[932]: Your identification has been saved in /etc/ssh/ssh_host_rsa_key.
[   29.088517] cloud-init[932]: Your public key has been saved in /etc/ssh/ssh_host_rsa_key.pub.
[   29.090476] cloud-init[932]: The key fingerprint is:
[   29.092374] cloud-init[932]: SHA256:HFyHqmRn8leijWLyobqJ/52flhZje4DvulTa3BYzkD4 root@ubuntu-bionic
[   29.095499] cloud-init[932]: The key's randomart image is:
[   29.097008] cloud-init[932]: +---[RSA 2048]----+
[   29.108607] cloud-init[932]: |          ...    |
[   29.120512] cloud-init[932]: |       . o..     |
[   29.132554] cloud-init[932]: |        =.       |
[   29.144627] cloud-init[932]: |      +o+o. .    |
[   29.146409] cloud-init[932]: |     o BE++o     |
[   29.156495] cloud-init[932]: |    . *=Ooo+     |
[   29.168475] cloud-init[932]: |     =o=oBo      |
[   29.180656] cloud-init[932]: | . ..o..*o.      |
[   29.192497] cloud-init[932]: |..=+. =B+.       |
[   29.204600] cloud-init[932]: +----[SHA256]-----+
[   29.206436] cloud-init[932]: Generating public/private dsa key pair.
[   29.208367] cloud-init[932]: Your identification has been saved in /etc/ssh/ssh_host_dsa_key.
[[0;32m  OK  [0m] Started Initial cloud-init job (metadata service crawler).
[   29.217115] cloud-init[932]: Your public key has been saved in /etc/ssh/ssh_host_dsa_key.pub.
[   29.223422] cloud-init[932]: The key fingerprint is:
[   29.236550] cloud-init[932]: SHA256:y0VJ/KwxlI2VGjGHDEKiab0W+rGLJxK9BpngawFkSUQ root@ubuntu-bionic
[[0;32m  OK  [0m] Reached target Network is Online.
[   29.243110] cloud-init[932]: The key's randomart image is:
[   29.245397] cloud-init[932]: +---[DSA 1024]----+
[   29.249133] cloud-init[932]: |+E. ..o .++Bo.   |
         Starting Availability of block devices...
[[0;32m  OK  [0m] Reached target Remote File Systems (Pre).
[[0;32m  OK  [0m] Reached target Remote File Systems.
[[0;32m  OK  [0m] Reached target System Initialization.
[[0;32m  OK  [0m] Started Discard unused blocks once a week.
[   29.266806] cloud-init[932]: | + + . . .O+o    |
[   29.302355]          Starting Socket activation for snappy daemon.
[[0;32m  OK  [0m] Listening on Open-iSCSI iscsid Socket.
[[0;32m  OK  [0m] Listening on D-Bus System Message Bus Socket.
[[0;32m  OK  [0m] Listening on cloud-init hotplug hook socket.
[[0;32m  OK  [0m] Started Daily apt download activities.
cloud-init[932]: |o + o    .o=     |
[   29.312710] cloud-init[932]: |o. . o   .+ o    |
[   29.313064] cloud-init[932]: |++. +   S .+     |
[   29.314528] cloud-init[932]: |=o.o o . o.      |
[   29.315350] cloud-init[932]: | oo.o   o        |
[   29.317877] cloud-init[932]: |.o+...           |
[   29.319311]          Starting LXD - unix socket.
[[0;32m  OK  [0m] Started Ubuntu Advantage Timer for running repeated jobs.
[[0;32m  OK  [0m] Started Message of the Day.
[[0;32m  OK  [0m] Started Daily apt upgrade and clean activities.
[[0;32m  OK  [0m] Listening on UUID daemon activation socket.
[[0;32m  OK  [0m] Started ACPI Events Check.
[[0;32m  OK  [0m] Reached target Paths.
[[0;32m  OK  [0m] Started Daily Cleanup of Temporary Directories.
[[0;32m  OK  [0m] Reached target Timers.
[[0;32m  OK  [0m] Listening on ACPID Listen Socket.
[[0;32m  OK  [0m] Reached target Cloud-config availability.
cloud-init[932]: |.o.o.            |
[   29.338229] cloud-init[932]: +----[SHA256]-----+
[[0;32m  OK  [0m] Started Availability of block devices.
[   29.351041] [[0;32m  OK  [0m] Listening on Socket activation for snappy daemon.
[[0;32m  OK  [0m] Listening on LXD - unix socket.
[[0;32m  OK  [0m] Reached target Sockets.
[[0;32m  OK  [0m] Reached target Basic System.
cloud-init[932]: Generating public/private ecdsa key pair.
         Starting Login Service...
         Starting Accounts Service...
[   29.366356] cloud-init[932]:          Starting LSB: Record successful boot for GRUB...
[[0;32m  OK  [0m] Reached target Login Prompts (Pre).
Your identification has been saved in /etc/ssh/ssh_host_ecdsa_key.         Starting LSB: automatic crash report generation...
         Starting Pollinate to seed the pseudo random number generator...
[[0;32m  OK  [0m] Started irqbalance daemon.

         Starting Permit User Sessions...
[   29.398605] cloud-init[932]: Your public key has been saved in /etc/ssh/ssh_host_ecdsa_key.pub.
[   29.408320] cloud-init[932]: The key fingerprint is:
[   29.416936] cloud-init[932]: SHA256:gHMBa2zMrLXKrfYKN1ss/C2vw83v14O6p4kYUSN+7m4 root@ubuntu-bionic
[   29.425862] cloud-init[[0;32m  OK  [0m] Started Regular background program processing daemon.
[[0;32m  OK  [0m] Started FUSE filesystem for LXC.
[932]: The key's randomart image is:
[   29.434421] cloud-init[932]: +---[ECDSA 256]---+
[[0;32m  OK  [0m] Started D-Bus System Message Bus.
[   29.440798] cloud-init[932]: |    ...          |
[   29.443610] cloud-init[932]: |   = o .         |
[   29.446109] cloud-init[932]: |    & =          |
[   29.452383] cloud-init[932]: |   * * o         |
[   29.464537] cloud-init[932]: |  . + . S        |
[   29.467086] cloud-init[932]: | o + +           |
[   29.469604] cloud-init[932]: |. B.=o.    o     |
[   29.472327] cloud-init[932]: | o.B+=E. .+ o    |
[   29.476714] cloud-init[932]: | .+o=B*oB*   .   |
[   29.479576] cloud-init[932]: +----[SHA256]-----+
[   29.485067] cloud-init[932]: Generating public/private ed25519 key pair.
[   29.491305] cloud-init[932]: Your identification has been saved in /etc/ssh/ssh_host_ed25519_key.
[   29.496734] cloud-init[932]: Your public key has been saved in /etc/ssh/ssh_host_ed25519_key.pub.
[   29.500420] cloud-init[932]: The key fingerprint is:
[   29.504543] cloud-init[932]: SHA256:0i4i4L1I5H4YpPyiIvckhrWg2Fml7KWy29I14IJe/rA root@ubuntu-bionic
[   29.507848] cloud-init[932]: The key's randomart image is:
[   29.517684] cloud-init[932]: +--[ED25519 256]--+
[   29.522578] cloud-init[932]: |                 |
[   29.527578] cloud-init[932]: |                 |
[   29.531893] cloud-init[932]: |      .          |
[   29.536527] cloud-init[932]: | . ..o .         |
[   29.540612] cloud-init[932]: |*o..+.o S        |
[   29.542785] cloud-init[932]: |OOo*.ooo         |
[   29.556514] cloud-init[932]: |=+#==....        |
[   29.560403] cloud-init[932]: |==+@=. .         |
[   29.563420] cloud-init[932]: |=+=E+.           |
[   29.565839] cloud-init[932]: +----[SHA256]-----+
[[0;32m  OK  [0m] Started Login Service.
[[0;32m  OK  [0m] Started Unattended Upgrades Shutdown.
         Starting Virtualbox guest utils...
[[0;32m  OK  [0m] Started Deferred execution scheduler.
         Starting LXD - container startup/shutdown...
         Starting System Logging Service...
         Starting Dispatcher daemon for systemd-networkd...
         Starting Snap Daemon...
[[0;32m  OK  [0m] Started System Logging Service.
[[0;32m  OK  [0m] Started Permit User Sessions.
         Starting Authorization Manager...
         Starting Hold until boot process finishes up...
         Starting Terminate Plymouth Boot Screen...
[[0;32m  OK  [0m] Started LSB: automatic crash report generation.
[[0;32m  OK  [0m] Started Hold until boot process finishes up.
[[0;32m  OK  [0m] Started Serial Getty on ttyS0.
         Starting Set console scheme...
[[0;32m  OK  [0m] Started Terminate Plymouth Boot Screen.
[[0;32m  OK  [0m] Started Set console scheme.
[[0;32m  OK  [0m] Created slice system-getty.slice.
[[0;32m  OK  [0m] Started Getty on tty1.
[[0;32m  OK  [0m] Reached target Login Prompts.
[[0;32m  OK  [0m] Started LSB: Record successful boot for GRUB.
[[0;32m  OK  [0m] Started Authorization Manager.
[[0;32m  OK  [0m] Started Accounts Service.
[[0;32m  OK  [0m] Started Virtualbox guest utils.
[[0;32m  OK  [0m] Started LXD - container startup/shutdown.
[[0;32m  OK  [0m] Started Dispatcher daemon for systemd-networkd.
[[0;32m  OK  [0m] Started Snap Daemon.
         Starting Wait until snapd is fully seeded...
[[0;32m  OK  [0m] Started Pollinate to seed the pseudo random number generator.
         Starting OpenBSD Secure Shell server...
[[0;32m  OK  [0m] Started OpenBSD Secure Shell server.
[[0;32m  OK  [0m] Created slice User Slice of vagrant.
         Starting User Manager for UID 1000...
[[0;32m  OK  [0m] Started Session 1 of user vagrant.
[[0;32m  OK  [0m] Started User Manager for UID 1000.
         Starting Time & Date Service...
[[0;32m  OK  [0m] Started Time & Date Service.

Ubuntu 18.04.6 LTS ubuntu-bionic ttyS0

ubuntu-bionic login: [   38.461231] cloud-init[1527]: Cloud-init v. 23.1.2-0ubuntu0~18.04.1 running 'modules:config' at Wed, 26 Nov 2025 07:30:38 +0000. Up 37.60 seconds.
ci-info: no authorized SSH keys fingerprints found for user ubuntu.
<14>Nov 26 07:30:41 cloud-init: #############################################################
<14>Nov 26 07:30:41 cloud-init: -----BEGIN SSH HOST KEY FINGERPRINTS-----
<14>Nov 26 07:30:41 cloud-init: 1024 SHA256:y0VJ/KwxlI2VGjGHDEKiab0W+rGLJxK9BpngawFkSUQ root@ubuntu-bionic (DSA)
<14>Nov 26 07:30:41 cloud-init: 256 SHA256:gHMBa2zMrLXKrfYKN1ss/C2vw83v14O6p4kYUSN+7m4 root@ubuntu-bionic (ECDSA)
<14>Nov 26 07:30:41 cloud-init: 256 SHA256:0i4i4L1I5H4YpPyiIvckhrWg2Fml7KWy29I14IJe/rA root@ubuntu-bionic (ED25519)
<14>Nov 26 07:30:41 cloud-init: 2048 SHA256:HFyHqmRn8leijWLyobqJ/52flhZje4DvulTa3BYzkD4 root@ubuntu-bionic (RSA)
<14>Nov 26 07:30:41 cloud-init: -----END SSH HOST KEY FINGERPRINTS-----
<14>Nov 26 07:30:41 cloud-init: #############################################################
-----BEGIN SSH HOST KEY KEYS-----
ecdsa-sha2-nistp256 AAAAE2VjZHNhLXNoYTItbmlzdHAyNTYAAAAIbmlzdHAyNTYAAABBBAS2GtPyJJHFhoKADGeRf8/nFiyPFDOHy8PDiMSI7hdB4rukjR1dmmROHA93ucU+QNJjZTGoNImTXOR8YPsd7JU= root@ubuntu-bionic
ssh-ed25519 AAAAC3NzaC1lZDI1NTE5AAAAIOt/StmRfZgmIb2ACn+mPaWOSgtib4Ody7NN8JsiNqU0 root@ubuntu-bionic
ssh-rsa AAAAB3NzaC1yc2EAAAADAQABAAABAQDgMjcQzrMATR7LyzAm3wOXnszyAJmXeFFjpVAdEP9UkOzvYVIiIOPS3nI6nQr5C+xf05q96qmDPGn8RPghbUobbf76DqTvc0ZFtqU853KrQNHrzvmQjmmVebL1pSD/7NzIpuro5fMeLWLLk/qOTRYpXEd1eGIwI4UqPm/l+zJx7+kv09o2AVvT+YkJ2OpXTAC/B5StkLyJ3IJEgC9/sLhfphjw3Ab1joivZKC4PIjyjZxiV06AX02jA6C/6X5bUzmFJ16zIdf2Ltsqyp0nUUcAt2+6jObSIiluifevX+l0b2pXdKAd/LMDCJBO+QXTbaN+UtQMqHzH8jLQyo/aF0LJ root@ubuntu-bionic
-----END SSH HOST KEY KEYS-----
[   40.000499] cloud-init[1682]: Cloud-init v. 23.1.2-0ubuntu0~18.04.1 running 'modules:final' at Wed, 26 Nov 2025 07:30:40 +0000. Up 39.59 seconds.
[   40.001173] cloud-init[1682]: Cloud-init v. 23.1.2-0ubuntu0~18.04.1 finished at Wed, 26 Nov 2025 07:30:41 +0000. Datasource DataSourceNoCloud [seed=/dev/sdb][dsmode=net].  Up 39.97 seconds
[95339.821826] INFO: rcu_sched self-detected stall on CPU
[95339.821936] INFO: rcu_sched self-detected stall on CPU
[95339.835474] 	0-...!: (1 ticks this GP) idle=d06/1/0 softirq=283100/283100 fqs=0 
[95339.845883] 	 (t=77463 jiffies g=74861 c=74860 q=129)
[95339.845940] 	1-...!: (6 GPs behind) idle=de2/140000000000001/0 softirq=110792/110793 fqs=0 
[95339.852158] rcu_sched kthread starved for 77463 jiffies! g74861 c74860 f0x0 RCU_GP_WAIT_FQS(3) ->state=0x402 ->cpu=0
[95339.868797] 	 (t=77463 jiffies g=74861 c=74860 q=129)
[95339.870247] rcu_sched kthread starved for 77463 jiffies! g74861 c74860 f0x0 RCU_GP_WAIT_FQS(3) ->state=0x0 ->cpu=0
